<?xml version="1.0" encoding="UTF-8"?>
<!-- Generated by org.testng.reporters.JUnitReportReporter -->
<testsuite hostname="DESKTOP-807AG9O" failures="0" tests="3" name="tesngScripts.TestNGDemo2" time="0.007" errors="0" timestamp="2021-09-02T22:10:18 IST" skipped="0">
  <testcase classname="tesngScripts.TestNGDemo2" name="primeDemo" time="0.004"/>
  <system-out>
    <![CDATA[Given number is Prime...!!!]]>
  </system-out>
  <testcase classname="tesngScripts.TestNGDemo2" name="evenOdd" time="0.002"/>
  <system-out>
    <![CDATA[Given number is Odd]]>
  </system-out>
  <testcase classname="tesngScripts.TestNGDemo2" name="cube" time="0.001"/>
  <system-out>
    <![CDATA[Cube of the given number is: 125]]>
  </system-out>
</testsuite> <!-- tesngScripts.TestNGDemo2 -->
