<?xml version="1.0" encoding="UTF-8"?>
<!-- Generated by org.testng.reporters.JUnitReportReporter -->
<testsuite hostname="LAPTOP-NK2I20DO" failures="0" tests="1" name="testcases.TC_05_DemoWebShop_Register" time="6.171" errors="0" timestamp="2021-09-21T16:44:56 EDT" skipped="0">
  <testcase classname="testcases.TC_05_DemoWebShop_Register" name="register" time="6.171"/>
  <system-out/>
</testsuite> <!-- testcases.TC_05_DemoWebShop_Register -->
