<?xml version="1.0" encoding="UTF-8"?>
<!-- Generated by org.testng.reporters.JUnitReportReporter -->
<testsuite hostname="DESKTOP-807AG9O" failures="0" tests="1" name="testcases.TC_09_AllOrdersTotal" time="10.905" errors="0" timestamp="2021-09-25T08:28:06 IST" skipped="0">
  <testcase classname="testcases.TC_09_AllOrdersTotal" name="allorders_total" time="10.905"/>
  <system-out>
    <![CDATA[Login button is clicked
Email Id is entered
Entered password
clicked on Login button
Clicked on email name
Orders selcted from the options
Total number of orders placed are:53
Sum of Total orders is :2526]]>
  </system-out>
</testsuite> <!-- testcases.TC_09_AllOrdersTotal -->
