<?xml version="1.0" encoding="UTF-8"?>
<!-- Generated by org.testng.reporters.JUnitReportReporter -->
<testsuite hostname="LAPTOP-NK2I20DO" failures="0" tests="1" name="testcases.TC_08_ReOrder" time="9.626" errors="0" timestamp="2021-09-16T18:03:23 EDT" skipped="0">
  <testcase classname="testcases.TC_08_ReOrder" name="re_Order" time="9.626"/>
  <system-out>
    <![CDATA[Login button is clicked
Email Id is entered
Entered password
clicked on Login button
Clicked on email name
Orders selcted from the options
Order Number: 997868]]>
  </system-out>
</testsuite> <!-- testcases.TC_08_ReOrder -->
