<?xml version="1.0" encoding="UTF-8"?>
<!-- Generated by org.testng.reporters.JUnitReportReporter -->
<testsuite hostname="LAPTOP-NK2I20DO" failures="0" tests="1" name="testcases.TC_09_AllOrdersTotal" time="8.090" errors="0" timestamp="01 Oct. 2021 21:47:10 GMT" skipped="0">
  <testcase classname="testcases.TC_09_AllOrdersTotal" name="allorders_total" time="8.090"/>
</testsuite> <!-- testcases.TC_09_AllOrdersTotal -->
