<?xml version="1.0" encoding="UTF-8"?>
<!-- Generated by org.testng.reporters.JUnitReportReporter -->
<testsuite hostname="DESKTOP-807AG9O" failures="0" tests="1" name="testcases.TC_05_DemoWebShop_Register" time="17.449" errors="0" timestamp="2021-09-25T08:28:06 IST" skipped="0">
  <testcase classname="testcases.TC_05_DemoWebShop_Register" name="register" time="17.449"/>
  <system-out>
    <![CDATA[Selectd register button
Gender is selected as: Male
First-name entered
Last name is entered
Email id is entered in the text-box
password is entered in the text-box
password entered in confirm password text-box
Register button selected
Successfully logged out post registration]]>
  </system-out>
</testsuite> <!-- testcases.TC_05_DemoWebShop_Register -->
