<?xml version="1.0" encoding="UTF-8"?>
<!-- Generated by org.testng.reporters.JUnitReportReporter -->
<testsuite hostname="LAPTOP-NK2I20DO" failures="0" tests="4" name="testcases.TC_06_DemoWebShop_Login" time="46.678" errors="0" timestamp="01 Oct. 2021 21:44:29 GMT" skipped="0">
  <testcase classname="testcases.TC_06_DemoWebShop_Login" name="login_DemoWebShop_DataProvider" time="10.525"/>
  <testcase classname="testcases.TC_06_DemoWebShop_Login" name="login_DemoWebShop_DataProvider" time="16.046"/>
  <testcase classname="testcases.TC_06_DemoWebShop_Login" name="login_DemoWebShop_DataProvider" time="10.241"/>
  <testcase classname="testcases.TC_06_DemoWebShop_Login" name="login_DemoWebShop_DataProvider" time="9.866"/>
</testsuite> <!-- testcases.TC_06_DemoWebShop_Login -->
