<?xml version="1.0" encoding="UTF-8"?>
<!-- Generated by org.testng.reporters.JUnitReportReporter -->
<testsuite hostname="DESKTOP-807AG9O" failures="0" tests="4" name="testcases.TC_06_DemoWebShop_Login" time="47.789" errors="0" timestamp="2021-09-25T08:28:06 IST" skipped="0">
  <testcase classname="testcases.TC_06_DemoWebShop_Login" name="login_DemoWebShop_DataProvider" time="12.649"/>
  <system-out>
    <![CDATA[Login button is clicked
Email Id is entered
Entered password
clicked on Login button
Successfully logged out of the browser]]>
  </system-out>
  <testcase classname="testcases.TC_06_DemoWebShop_Login" name="login_DemoWebShop_DataProvider" time="13.309"/>
  <system-out>
    <![CDATA[Login button is clicked
Email Id is entered
Entered password
clicked on Login button
Successfully logged out of the browser]]>
  </system-out>
  <testcase classname="testcases.TC_06_DemoWebShop_Login" name="login_DemoWebShop_DataProvider" time="11.278"/>
  <system-out>
    <![CDATA[Login button is clicked
Email Id is entered
Entered password
clicked on Login button
Successfully logged out of the browser]]>
  </system-out>
  <testcase classname="testcases.TC_06_DemoWebShop_Login" name="login_DemoWebShop_DataProvider" time="10.553"/>
  <system-out>
    <![CDATA[Login button is clicked
Email Id is entered
Entered password
clicked on Login button
Successfully logged out of the browser]]>
  </system-out>
</testsuite> <!-- testcases.TC_06_DemoWebShop_Login -->
