<?xml version="1.0" encoding="UTF-8"?>
<!-- Generated by org.testng.reporters.JUnitReportReporter -->
<testsuite hostname="DESKTOP-807AG9O" failures="0" tests="2" name="tesngScripts.FactorialDemo" time="0.004" errors="0" timestamp="2021-09-15T08:49:15 IST" skipped="0">
  <testcase classname="tesngScripts.FactorialDemo" name="cube" time="0.004"/>
  <system-out>
    <![CDATA[Cube of the Given number is :729]]>
  </system-out>
  <testcase classname="tesngScripts.FactorialDemo" name="factorial" time="0.000"/>
  <system-out/>
</testsuite> <!-- tesngScripts.FactorialDemo -->
