<?xml version="1.0" encoding="UTF-8"?>
<!-- Generated by org.testng.reporters.JUnitReportReporter -->
<testsuite hostname="LAPTOP-NK2I20DO" failures="0" tests="1" name="testcases.TC_11_AirbnbValidation" time="32.367" errors="0" timestamp="01 Oct. 2021 21:54:20 GMT" skipped="0">
  <testcase classname="testcases.TC_11_AirbnbValidation" name="priceRangeFilter" time="32.367"/>
</testsuite> <!-- testcases.TC_11_AirbnbValidation -->
