<?xml version="1.0" encoding="UTF-8"?>
<!-- Generated by org.testng.reporters.JUnitReportReporter -->
<testsuite hostname="DESKTOP-807AG9O" failures="0" tests="1" name="testcases.TC_05_DemoWebShop_Register" time="12.120" errors="0" timestamp="12 Oct 2021 03:19:38 GMT" skipped="0">
  <testcase classname="testcases.TC_05_DemoWebShop_Register" name="register" time="12.120"/>
</testsuite> <!-- testcases.TC_05_DemoWebShop_Register -->
