<?xml version="1.0" encoding="UTF-8"?>
<!-- Generated by org.testng.reporters.JUnitReportReporter -->
<testsuite hostname="DESKTOP-807AG9O" failures="0" tests="1" name="testcases.TC_09_AllOrdersTotal" time="8.707" errors="0" timestamp="12 Oct 2021 03:19:38 GMT" skipped="0">
  <testcase classname="testcases.TC_09_AllOrdersTotal" name="allorders_total" time="8.707"/>
</testsuite> <!-- testcases.TC_09_AllOrdersTotal -->
