<?xml version="1.0" encoding="UTF-8"?>
<!-- Generated by org.testng.reporters.JUnitReportReporter -->
<testsuite hostname="LAPTOP-NK2I20DO" failures="0" tests="4" name="testcases.TC_06_DemoWebShop_Login" time="42.137" errors="0" timestamp="2021-09-24T21:08:41 EDT" skipped="0">
  <testcase classname="testcases.TC_06_DemoWebShop_Login" name="login_DemoWebShop_DataProvider" time="11.234"/>
  <system-out>
    <![CDATA[Login button is clicked
Email Id is entered
Entered password
clicked on Login button
Successfully logged out of the browser]]>
  </system-out>
  <testcase classname="testcases.TC_06_DemoWebShop_Login" name="login_DemoWebShop_DataProvider" time="10.053"/>
  <system-out>
    <![CDATA[Login button is clicked
Email Id is entered
Entered password
clicked on Login button
Successfully logged out of the browser]]>
  </system-out>
  <testcase classname="testcases.TC_06_DemoWebShop_Login" name="login_DemoWebShop_DataProvider" time="10.409"/>
  <system-out>
    <![CDATA[Login button is clicked
Email Id is entered
Entered password
clicked on Login button
Successfully logged out of the browser]]>
  </system-out>
  <testcase classname="testcases.TC_06_DemoWebShop_Login" name="login_DemoWebShop_DataProvider" time="10.441"/>
  <system-out>
    <![CDATA[Login button is clicked
Email Id is entered
Entered password
clicked on Login button
Successfully logged out of the browser]]>
  </system-out>
</testsuite> <!-- testcases.TC_06_DemoWebShop_Login -->
