<?xml version="1.0" encoding="UTF-8"?>
<!-- Generated by org.testng.reporters.JUnitReportReporter -->
<testsuite hostname="DESKTOP-807AG9O" failures="0" tests="1" name="tesngScripts.TestNGDemo1" time="4.268" errors="0" timestamp="2021-09-01T22:04:32 IST" skipped="0">
  <testcase classname="tesngScripts.TestNGDemo1" name="login_OrangeHRM" time="4.268"/>
  <system-out/>
</testsuite> <!-- tesngScripts.TestNGDemo1 -->
