<?xml version="1.0" encoding="UTF-8"?>
<!-- Generated by org.testng.reporters.JUnitReportReporter -->
<testsuite hostname="DESKTOP-807AG9O" failures="0" tests="4" name="tesngScripts.DataProviderDemo" time="0.007" errors="0" timestamp="2021-09-21T08:10:24 IST" skipped="0">
  <testcase classname="tesngScripts.DataProviderDemo" name="print" time="0.001"/>
  <system-out/>
  <testcase classname="tesngScripts.DataProviderDemo" name="print" time="0.001"/>
  <system-out/>
  <testcase classname="tesngScripts.DataProviderDemo" name="print" time="0.001"/>
  <system-out/>
  <testcase classname="tesngScripts.DataProviderDemo" name="print" time="0.004"/>
  <system-out/>
</testsuite> <!-- tesngScripts.DataProviderDemo -->
