<?xml version="1.0" encoding="UTF-8"?>
<!-- Generated by org.testng.reporters.JUnitReportReporter -->
<testsuite hostname="DESKTOP-807AG9O" failures="0" tests="1" name="individualSeleniumScripts.RandomDemo" time="0.010" errors="0" timestamp="2021-09-23T08:16:18 IST" skipped="0">
  <testcase classname="individualSeleniumScripts.RandomDemo" name="randomData" time="0.010"/>
  <system-out/>
</testsuite> <!-- individualSeleniumScripts.RandomDemo -->
