<?xml version="1.0" encoding="UTF-8"?>
<!-- Generated by org.testng.reporters.JUnitReportReporter -->
<testsuite hostname="DESKTOP-807AG9O" failures="0" tests="1" name="tesngScripts.EvenSumOddSum" time="0.001" errors="0" timestamp="2021-09-14T08:18:07 IST" skipped="0">
  <testcase classname="tesngScripts.EvenSumOddSum" name="evenOdd" time="0.001"/>
  <system-out/>
</testsuite> <!-- tesngScripts.EvenSumOddSum -->
