<?xml version="1.0" encoding="UTF-8"?>
<!-- Generated by org.testng.reporters.JUnitReportReporter -->
<testsuite hostname="DESKTOP-807AG9O" failures="0" tests="1" name="testcases.TC_06_DemoWebShop_Login" time="5.318" errors="0" timestamp="2021-09-23T07:53:04 IST" skipped="0">
  <testcase classname="testcases.TC_06_DemoWebShop_Login" name="login" time="5.318"/>
  <system-out>
    <![CDATA[Login button is clicked
Email Id is entered
Entered password
clicked on Login button]]>
  </system-out>
</testsuite> <!-- testcases.TC_06_DemoWebShop_Login -->
