<?xml version="1.0" encoding="UTF-8"?>
<!-- Generated by org.testng.reporters.JUnitReportReporter -->
<testsuite hostname="DESKTOP-807AG9O" failures="0" tests="4" name="testcases.TC_06_DemoWebShop_Login" time="36.348" errors="0" timestamp="12 Oct 2021 03:19:38 GMT" skipped="0">
  <testcase classname="testcases.TC_06_DemoWebShop_Login" name="login_DemoWebShop_DataProvider" time="8.903"/>
  <testcase classname="testcases.TC_06_DemoWebShop_Login" name="login_DemoWebShop_DataProvider" time="9.401"/>
  <testcase classname="testcases.TC_06_DemoWebShop_Login" name="login_DemoWebShop_DataProvider" time="8.935"/>
  <testcase classname="testcases.TC_06_DemoWebShop_Login" name="login_DemoWebShop_DataProvider" time="9.109"/>
</testsuite> <!-- testcases.TC_06_DemoWebShop_Login -->
