<?xml version="1.0" encoding="UTF-8"?>
<!-- Generated by org.testng.reporters.JUnitReportReporter -->
<testsuite hostname="DESKTOP-807AG9O" failures="0" tests="2" name="tesngScripts.PatternDemo" time="0.004" errors="0" timestamp="2021-09-15T08:47:53 IST" skipped="0">
  <testcase classname="tesngScripts.PatternDemo" name="pattern1" time="0.004"/>
  <system-out/>
  <testcase classname="tesngScripts.PatternDemo" name="pattern2" time="0.000"/>
  <system-out/>
</testsuite> <!-- tesngScripts.PatternDemo -->
