<?xml version="1.0" encoding="UTF-8"?>
<!-- Generated by org.testng.reporters.JUnitReportReporter -->
<testsuite hostname="DESKTOP-807AG9O" failures="0" tests="1" name="testcases.TC_05_DemoWebShop_Register" time="9.185" errors="0" timestamp="05 Oct 2021 03:17:58 GMT" skipped="0">
  <testcase classname="testcases.TC_05_DemoWebShop_Register" name="register" time="9.185"/>
</testsuite> <!-- testcases.TC_05_DemoWebShop_Register -->
