<?xml version="1.0" encoding="UTF-8"?>
<!-- Generated by org.testng.reporters.JUnitReportReporter -->
<testsuite hostname="DESKTOP-807AG9O" failures="0" tests="1" name="testcases.TC_07_DemoWebShop_PlaceOrder" time="22.194" errors="0" timestamp="07 Oct 2021 03:22:49 GMT" skipped="0">
  <testcase classname="testcases.TC_07_DemoWebShop_PlaceOrder" name="placeOrder_DemoWebshop" time="22.194"/>
</testsuite> <!-- testcases.TC_07_DemoWebShop_PlaceOrder -->
