<?xml version="1.0" encoding="UTF-8"?>
<!-- Generated by org.testng.reporters.JUnitReportReporter -->
<testsuite hostname="DESKTOP-807AG9O" failures="0" tests="2" name="tesngScripts.FibonacciDemo" time="0.001" errors="0" timestamp="07 Oct 2021 02:19:20 GMT" skipped="0">
  <testcase classname="tesngScripts.FibonacciDemo" name="fibonacci" time="0.001"/>
  <testcase classname="tesngScripts.FibonacciDemo" name="test1" time="0.000"/>
</testsuite> <!-- tesngScripts.FibonacciDemo -->
