<?xml version="1.0" encoding="UTF-8"?>
<!-- Generated by org.testng.reporters.JUnitReportReporter -->
<testsuite hostname="DESKTOP-807AG9O" failures="0" tests="2" name="tesngScripts.FibonacciDemo" time="0.002" errors="0" timestamp="2021-09-15T08:47:53 IST" skipped="0">
  <testcase classname="tesngScripts.FibonacciDemo" name="test1" time="0.001"/>
  <system-out>
    <![CDATA[Even number..!!!]]>
  </system-out>
  <testcase classname="tesngScripts.FibonacciDemo" name="fibonacci" time="0.001"/>
  <system-out/>
</testsuite> <!-- tesngScripts.FibonacciDemo -->
