<?xml version="1.0" encoding="UTF-8"?>
<!-- Generated by org.testng.reporters.JUnitReportReporter -->
<testsuite hostname="DESKTOP-807AG9O" failures="0" tests="1" name="tesngScripts.TestNGDemo" time="3.254" errors="0" timestamp="2021-09-01T22:02:41 IST" skipped="0">
  <testcase classname="tesngScripts.TestNGDemo" name="openGoogle" time="3.254"/>
  <system-out/>
</testsuite> <!-- tesngScripts.TestNGDemo -->
