<?xml version="1.0" encoding="UTF-8"?>
<!-- Generated by org.testng.reporters.JUnitReportReporter -->
<testsuite hostname="LAPTOP-NK2I20DO" failures="0" tests="1" name="testcases.Login" time="6.806" errors="0" timestamp="2021-09-18T15:55:57 EDT" skipped="0">
  <testcase classname="testcases.Login" name="login" time="6.806"/>
  <system-out>
    <![CDATA[Login button is clicked
Email Id is entered
Entered password
clicked on Login button]]>
  </system-out>
</testsuite> <!-- testcases.Login -->
