<?xml version="1.0" encoding="UTF-8"?>
<!-- Generated by org.testng.reporters.JUnitReportReporter -->
<testsuite hostname="DESKTOP-807AG9O" failures="0" tests="1" name="tesngScripts.PrimeDemo" time="0.001" errors="0" timestamp="07 Oct 2021 02:19:20 GMT" skipped="0">
  <testcase classname="tesngScripts.PrimeDemo" name="primeDemo" time="0.001"/>
</testsuite> <!-- tesngScripts.PrimeDemo -->
