<?xml version="1.0" encoding="UTF-8"?>
<!-- Generated by org.testng.reporters.JUnitReportReporter -->
<testsuite hostname="LAPTOP-NK2I20DO" failures="0" tests="5" name="testcases.TC_00_LoginOrangeHRM" time="44.802" errors="0" timestamp="2021-09-24T11:39:00 EDT" skipped="0">
  <testcase classname="testcases.TC_00_LoginOrangeHRM" name="login_OrangeHRM_DataProvider" time="9.126"/>
  <system-out>
    <![CDATA[Orange HRM website is loaded
Browser window is maximized
Admin is entered as UserName in a text-box
Admin@123 is entered as Password in a text-box
Login button is clicked
Home page is displayed
Logout dropdown is clicked
Successfully logged out of the browser]]>
  </system-out>
  <testcase classname="testcases.TC_00_LoginOrangeHRM" name="login_OrangeHRM_DataProvider" time="9.116"/>
  <system-out>
    <![CDATA[Orange HRM website is loaded
Browser window is maximized
Adella is entered as UserName in a text-box
abcd@123 is entered as Password in a text-box
Login button is clicked
Home page is displayed
Logout dropdown is clicked
Successfully logged out of the browser]]>
  </system-out>
  <testcase classname="testcases.TC_00_LoginOrangeHRM" name="login_OrangeHRM_DataProvider" time="9.394"/>
  <system-out>
    <![CDATA[Orange HRM website is loaded
Browser window is maximized
alice is entered as UserName in a text-box
Admin@1234 is entered as Password in a text-box
Login button is clicked
Home page is displayed
Logout dropdown is clicked
Successfully logged out of the browser]]>
  </system-out>
  <testcase classname="testcases.TC_00_LoginOrangeHRM" name="login_OrangeHRM_DataProvider" time="10.879"/>
  <system-out>
    <![CDATA[Orange HRM website is loaded
Browser window is maximized
aaliyah.haq is entered as UserName in a text-box
Test@1234 is entered as Password in a text-box
Login button is clicked
Home page is displayed
Logout dropdown is clicked
Successfully logged out of the browser]]>
  </system-out>
  <testcase classname="testcases.TC_00_LoginOrangeHRM" name="login_OrangeHRM_Parameterization" time="6.287"/>
  <system-out>
    <![CDATA[Orange HRM website is loaded
Browser window is maximized
Admin is entered as UserName in a text-box
Admin@123 is entered as Password in a text-box
Login button is clicked
Home page is displayed]]>
  </system-out>
</testsuite> <!-- testcases.TC_00_LoginOrangeHRM -->
