<?xml version="1.0" encoding="UTF-8"?>
<!-- Generated by org.testng.reporters.JUnitReportReporter -->
<testsuite hostname="LAPTOP-NK2I20DO" failures="0" tests="1" name="testcases.TC_08_ReOrder" time="15.355" errors="0" timestamp="2021-09-19T22:12:43 EDT" skipped="0">
  <testcase classname="testcases.TC_08_ReOrder" name="re_Order" time="15.355"/>
  <system-out>
    <![CDATA[Login button is clicked
Email Id is entered
Entered password
clicked on Login button
Clicked on email name
Orders selcted from the options
Order Number: 1015245
Order Number: 1015241
Order Number: 1015229
Order Number: 1015227
Order Number: 1015218
Order Number: 1015215
Order Number: 1015210
Order Number: 997868
Order Number: 997042
Order Number: 997040
Order details button is clicked
Re-Order button is clicked
Terms of service check-box is checked
Checkout button is clicked
Continue button is clicked agter saving billing information
Continue button is clicked
Shipping method radio button is selected
Continue button clicked after selecting shipping method
Continue buton clicked after selecting payment method
Contine button clicked to save payment information
Confirm button is clicked to confirm order
Order number: 1015634]]>
  </system-out>
</testsuite> <!-- testcases.TC_08_ReOrder -->
