<?xml version="1.0" encoding="UTF-8"?>
<!-- Generated by org.testng.reporters.JUnitReportReporter -->
<testsuite hostname="LAPTOP-NK2I20DO" failures="0" tests="1" name="testcases.TC_08_ReOrder" time="16.753" errors="0" timestamp="01 Oct. 2021 21:55:14 GMT" skipped="0">
  <testcase classname="testcases.TC_08_ReOrder" name="re_Order" time="16.753"/>
</testsuite> <!-- testcases.TC_08_ReOrder -->
