<?xml version="1.0" encoding="UTF-8"?>
<!-- Generated by org.testng.reporters.JUnitReportReporter -->
<testsuite hostname="DESKTOP-807AG9O" failures="0" tests="2" name="tesngScripts.EvenSumOddSum" time="0.004" errors="0" timestamp="2021-09-15T08:46:47 IST" skipped="0">
  <testcase classname="tesngScripts.EvenSumOddSum" name="evenOdd" time="0.002"/>
  <system-out/>
  <testcase classname="tesngScripts.EvenSumOddSum" name="positiveOrNegative" time="0.002"/>
  <system-out>
    <![CDATA[Negative Number...!!!]]>
  </system-out>
</testsuite> <!-- tesngScripts.EvenSumOddSum -->
