<?xml version="1.0" encoding="UTF-8"?>
<!-- Generated by org.testng.reporters.JUnitReportReporter -->
<testsuite hostname="DESKTOP-807AG9O" failures="0" tests="1" name="tesngScripts.PatternDemo" time="0.006" errors="0" timestamp="2021-09-14T08:18:07 IST" skipped="0">
  <testcase classname="tesngScripts.PatternDemo" name="pattern" time="0.006"/>
  <system-out/>
</testsuite> <!-- tesngScripts.PatternDemo -->
